[0.011s] Invoking command in '/home/azif/projetcs/Quadruped-Robot-Performing-SLAM/build/quadruped_slam_model': CMAKE_PREFIX_PATH=${CMAKE_PREFIX_PATH}:/opt/ros/humble /usr/bin/cmake /home/azif/projetcs/Quadruped-Robot-Performing-SLAM/quadruped_slam_model -DAMENT_CMAKE_SYMLINK_INSTALL=1 -DCMAKE_INSTALL_PREFIX=/home/azif/projetcs/Quadruped-Robot-Performing-SLAM/install/quadruped_slam_model
[0.062s] -- The C compiler identification is GNU 11.4.0
[0.111s] -- The CXX compiler identification is GNU 11.4.0
[0.117s] -- Detecting C compiler ABI info
[0.184s] -- Detecting C compiler ABI info - done
[0.189s] -- Check for working C compiler: /usr/bin/cc - skipped
[0.189s] -- Detecting C compile features
[0.190s] -- Detecting C compile features - done
[0.192s] -- Detecting CXX compiler ABI info
[0.267s] -- Detecting CXX compiler ABI info - done
[0.273s] -- Check for working CXX compiler: /usr/bin/c++ - skipped
[0.273s] -- Detecting CXX compile features
[0.273s] -- Detecting CXX compile features - done
[0.276s] -- Found ament_cmake: 1.3.12 (/opt/ros/humble/share/ament_cmake/cmake)
[0.411s] -- Found Python3: /usr/bin/python3 (found version "3.10.12") found components: Interpreter 
[0.465s] -- Override CMake install command with custom implementation using symlinks instead of copying resources
[0.497s] -- Found ament_lint_auto: 0.12.14 (/opt/ros/humble/share/ament_lint_auto/cmake)
[0.566s] -- Added test 'lint_cmake' to check CMake code style
[0.567s] -- Added test 'xmllint' to check XML markup files
[0.569s] -- Configuring done
[0.571s] -- Generating done
[0.572s] -- Build files have been written to: /home/azif/projetcs/Quadruped-Robot-Performing-SLAM/build/quadruped_slam_model
[0.576s] Invoked command in '/home/azif/projetcs/Quadruped-Robot-Performing-SLAM/build/quadruped_slam_model' returned '0': CMAKE_PREFIX_PATH=${CMAKE_PREFIX_PATH}:/opt/ros/humble /usr/bin/cmake /home/azif/projetcs/Quadruped-Robot-Performing-SLAM/quadruped_slam_model -DAMENT_CMAKE_SYMLINK_INSTALL=1 -DCMAKE_INSTALL_PREFIX=/home/azif/projetcs/Quadruped-Robot-Performing-SLAM/install/quadruped_slam_model
[0.578s] Invoking command in '/home/azif/projetcs/Quadruped-Robot-Performing-SLAM/build/quadruped_slam_model': CMAKE_PREFIX_PATH=${CMAKE_PREFIX_PATH}:/opt/ros/humble /usr/bin/cmake --build /home/azif/projetcs/Quadruped-Robot-Performing-SLAM/build/quadruped_slam_model -- -j16 -l16
[0.617s] Invoked command in '/home/azif/projetcs/Quadruped-Robot-Performing-SLAM/build/quadruped_slam_model' returned '0': CMAKE_PREFIX_PATH=${CMAKE_PREFIX_PATH}:/opt/ros/humble /usr/bin/cmake --build /home/azif/projetcs/Quadruped-Robot-Performing-SLAM/build/quadruped_slam_model -- -j16 -l16
[0.618s] Invoking command in '/home/azif/projetcs/Quadruped-Robot-Performing-SLAM/build/quadruped_slam_model': CMAKE_PREFIX_PATH=${CMAKE_PREFIX_PATH}:/opt/ros/humble /usr/bin/cmake --install /home/azif/projetcs/Quadruped-Robot-Performing-SLAM/build/quadruped_slam_model
[0.625s] -- Install configuration: ""
[0.626s] -- Execute custom install script
[0.626s] -- Symlinking: /home/azif/projetcs/Quadruped-Robot-Performing-SLAM/install/quadruped_slam_model/share/ament_index/resource_index/package_run_dependencies/quadruped_slam_model
[0.635s] -- Symlinking: /home/azif/projetcs/Quadruped-Robot-Performing-SLAM/install/quadruped_slam_model/share/ament_index/resource_index/parent_prefix_path/quadruped_slam_model
[0.644s] -- Symlinking: /home/azif/projetcs/Quadruped-Robot-Performing-SLAM/install/quadruped_slam_model/share/quadruped_slam_model/environment/ament_prefix_path.sh
[0.653s] -- Symlinking: /home/azif/projetcs/Quadruped-Robot-Performing-SLAM/install/quadruped_slam_model/share/quadruped_slam_model/environment/ament_prefix_path.dsv
[0.662s] -- Symlinking: /home/azif/projetcs/Quadruped-Robot-Performing-SLAM/install/quadruped_slam_model/share/quadruped_slam_model/environment/path.sh
[0.670s] -- Symlinking: /home/azif/projetcs/Quadruped-Robot-Performing-SLAM/install/quadruped_slam_model/share/quadruped_slam_model/environment/path.dsv
[0.679s] -- Symlinking: /home/azif/projetcs/Quadruped-Robot-Performing-SLAM/install/quadruped_slam_model/share/quadruped_slam_model/local_setup.bash
[0.687s] -- Symlinking: /home/azif/projetcs/Quadruped-Robot-Performing-SLAM/install/quadruped_slam_model/share/quadruped_slam_model/local_setup.sh
[0.697s] -- Symlinking: /home/azif/projetcs/Quadruped-Robot-Performing-SLAM/install/quadruped_slam_model/share/quadruped_slam_model/local_setup.zsh
[0.706s] -- Symlinking: /home/azif/projetcs/Quadruped-Robot-Performing-SLAM/install/quadruped_slam_model/share/quadruped_slam_model/local_setup.dsv
[0.715s] -- Symlinking: /home/azif/projetcs/Quadruped-Robot-Performing-SLAM/install/quadruped_slam_model/share/quadruped_slam_model/package.dsv
[0.725s] -- Symlinking: /home/azif/projetcs/Quadruped-Robot-Performing-SLAM/install/quadruped_slam_model/share/ament_index/resource_index/packages/quadruped_slam_model
[0.735s] -- Symlinking: /home/azif/projetcs/Quadruped-Robot-Performing-SLAM/install/quadruped_slam_model/share/quadruped_slam_model/cmake/quadruped_slam_modelConfig.cmake
[0.743s] -- Symlinking: /home/azif/projetcs/Quadruped-Robot-Performing-SLAM/install/quadruped_slam_model/share/quadruped_slam_model/cmake/quadruped_slam_modelConfig-version.cmake
[0.752s] -- Symlinking: /home/azif/projetcs/Quadruped-Robot-Performing-SLAM/install/quadruped_slam_model/share/quadruped_slam_model/package.xml
[0.762s] Invoked command in '/home/azif/projetcs/Quadruped-Robot-Performing-SLAM/build/quadruped_slam_model' returned '0': CMAKE_PREFIX_PATH=${CMAKE_PREFIX_PATH}:/opt/ros/humble /usr/bin/cmake --install /home/azif/projetcs/Quadruped-Robot-Performing-SLAM/build/quadruped_slam_model
