[0.012s] Invoking command in '/home/azif/projetcs/Quadruped-Robot-Performing-SLAM/build/quadruped_slam_gazebo': CMAKE_PREFIX_PATH=${CMAKE_PREFIX_PATH}:/opt/ros/humble /usr/bin/cmake /home/azif/projetcs/Quadruped-Robot-Performing-SLAM/quadruped_slam_gazebo -DAMENT_CMAKE_SYMLINK_INSTALL=1 -DCMAKE_INSTALL_PREFIX=/home/azif/projetcs/Quadruped-Robot-Performing-SLAM/install/quadruped_slam_gazebo
[0.061s] -- The C compiler identification is GNU 11.4.0
[0.112s] -- The CXX compiler identification is GNU 11.4.0
[0.118s] -- Detecting C compiler ABI info
[0.182s] -- Detecting C compiler ABI info - done
[0.187s] -- Check for working C compiler: /usr/bin/cc - skipped
[0.188s] -- Detecting C compile features
[0.188s] -- Detecting C compile features - done
[0.190s] -- Detecting CXX compiler ABI info
[0.265s] -- Detecting CXX compiler ABI info - done
[0.271s] -- Check for working CXX compiler: /usr/bin/c++ - skipped
[0.271s] -- Detecting CXX compile features
[0.271s] -- Detecting CXX compile features - done
[0.274s] -- Found ament_cmake: 1.3.12 (/opt/ros/humble/share/ament_cmake/cmake)
[0.402s] -- Found Python3: /usr/bin/python3 (found version "3.10.12") found components: Interpreter 
[0.459s] -- Override CMake install command with custom implementation using symlinks instead of copying resources
[0.489s] -- Found ament_lint_auto: 0.12.14 (/opt/ros/humble/share/ament_lint_auto/cmake)
[0.560s] -- Added test 'flake8' to check Python code syntax and style conventions
[0.560s] -- Added test 'lint_cmake' to check CMake code style
[0.561s] -- Added test 'pep257' to check Python code against some of the docstring style conventions in PEP 257
[0.562s] -- Added test 'xmllint' to check XML markup files
[0.563s] -- Configuring done
[0.566s] -- Generating done
[0.567s] -- Build files have been written to: /home/azif/projetcs/Quadruped-Robot-Performing-SLAM/build/quadruped_slam_gazebo
[0.571s] Invoked command in '/home/azif/projetcs/Quadruped-Robot-Performing-SLAM/build/quadruped_slam_gazebo' returned '0': CMAKE_PREFIX_PATH=${CMAKE_PREFIX_PATH}:/opt/ros/humble /usr/bin/cmake /home/azif/projetcs/Quadruped-Robot-Performing-SLAM/quadruped_slam_gazebo -DAMENT_CMAKE_SYMLINK_INSTALL=1 -DCMAKE_INSTALL_PREFIX=/home/azif/projetcs/Quadruped-Robot-Performing-SLAM/install/quadruped_slam_gazebo
[0.572s] Invoking command in '/home/azif/projetcs/Quadruped-Robot-Performing-SLAM/build/quadruped_slam_gazebo': CMAKE_PREFIX_PATH=${CMAKE_PREFIX_PATH}:/opt/ros/humble /usr/bin/cmake --build /home/azif/projetcs/Quadruped-Robot-Performing-SLAM/build/quadruped_slam_gazebo -- -j16 -l16
[0.611s] Invoked command in '/home/azif/projetcs/Quadruped-Robot-Performing-SLAM/build/quadruped_slam_gazebo' returned '0': CMAKE_PREFIX_PATH=${CMAKE_PREFIX_PATH}:/opt/ros/humble /usr/bin/cmake --build /home/azif/projetcs/Quadruped-Robot-Performing-SLAM/build/quadruped_slam_gazebo -- -j16 -l16
[0.620s] Invoking command in '/home/azif/projetcs/Quadruped-Robot-Performing-SLAM/build/quadruped_slam_gazebo': CMAKE_PREFIX_PATH=${CMAKE_PREFIX_PATH}:/opt/ros/humble /usr/bin/cmake --install /home/azif/projetcs/Quadruped-Robot-Performing-SLAM/build/quadruped_slam_gazebo
[0.628s] -- Install configuration: ""
[0.628s] -- Execute custom install script
[0.628s] -- Symlinking: /home/azif/projetcs/Quadruped-Robot-Performing-SLAM/install/quadruped_slam_gazebo/share/quadruped_slam_gazebo/launch/quadruped_world.launch.py
[0.637s] -- Symlinking: /home/azif/projetcs/Quadruped-Robot-Performing-SLAM/install/quadruped_slam_gazebo/share/quadruped_slam_gazebo/launch/slam_simulation.launch.py
[0.646s] -- Symlinking: /home/azif/projetcs/Quadruped-Robot-Performing-SLAM/install/quadruped_slam_gazebo/share/ament_index/resource_index/package_run_dependencies/quadruped_slam_gazebo
[0.656s] -- Symlinking: /home/azif/projetcs/Quadruped-Robot-Performing-SLAM/install/quadruped_slam_gazebo/share/ament_index/resource_index/parent_prefix_path/quadruped_slam_gazebo
[0.665s] -- Symlinking: /home/azif/projetcs/Quadruped-Robot-Performing-SLAM/install/quadruped_slam_gazebo/share/quadruped_slam_gazebo/environment/ament_prefix_path.sh
[0.675s] -- Symlinking: /home/azif/projetcs/Quadruped-Robot-Performing-SLAM/install/quadruped_slam_gazebo/share/quadruped_slam_gazebo/environment/ament_prefix_path.dsv
[0.684s] -- Symlinking: /home/azif/projetcs/Quadruped-Robot-Performing-SLAM/install/quadruped_slam_gazebo/share/quadruped_slam_gazebo/environment/path.sh
[0.693s] -- Symlinking: /home/azif/projetcs/Quadruped-Robot-Performing-SLAM/install/quadruped_slam_gazebo/share/quadruped_slam_gazebo/environment/path.dsv
[0.701s] -- Symlinking: /home/azif/projetcs/Quadruped-Robot-Performing-SLAM/install/quadruped_slam_gazebo/share/quadruped_slam_gazebo/local_setup.bash
[0.710s] -- Symlinking: /home/azif/projetcs/Quadruped-Robot-Performing-SLAM/install/quadruped_slam_gazebo/share/quadruped_slam_gazebo/local_setup.sh
[0.720s] -- Symlinking: /home/azif/projetcs/Quadruped-Robot-Performing-SLAM/install/quadruped_slam_gazebo/share/quadruped_slam_gazebo/local_setup.zsh
[0.729s] -- Symlinking: /home/azif/projetcs/Quadruped-Robot-Performing-SLAM/install/quadruped_slam_gazebo/share/quadruped_slam_gazebo/local_setup.dsv
[0.738s] -- Symlinking: /home/azif/projetcs/Quadruped-Robot-Performing-SLAM/install/quadruped_slam_gazebo/share/quadruped_slam_gazebo/package.dsv
[0.747s] -- Symlinking: /home/azif/projetcs/Quadruped-Robot-Performing-SLAM/install/quadruped_slam_gazebo/share/ament_index/resource_index/packages/quadruped_slam_gazebo
[0.756s] -- Symlinking: /home/azif/projetcs/Quadruped-Robot-Performing-SLAM/install/quadruped_slam_gazebo/share/quadruped_slam_gazebo/cmake/quadruped_slam_gazeboConfig.cmake
[0.765s] -- Symlinking: /home/azif/projetcs/Quadruped-Robot-Performing-SLAM/install/quadruped_slam_gazebo/share/quadruped_slam_gazebo/cmake/quadruped_slam_gazeboConfig-version.cmake
[0.775s] -- Symlinking: /home/azif/projetcs/Quadruped-Robot-Performing-SLAM/install/quadruped_slam_gazebo/share/quadruped_slam_gazebo/package.xml
[0.786s] Invoked command in '/home/azif/projetcs/Quadruped-Robot-Performing-SLAM/build/quadruped_slam_gazebo' returned '0': CMAKE_PREFIX_PATH=${CMAKE_PREFIX_PATH}:/opt/ros/humble /usr/bin/cmake --install /home/azif/projetcs/Quadruped-Robot-Performing-SLAM/build/quadruped_slam_gazebo
