[0.016s] Invoking command in '/home/azif/projetcs/Quadruped-Robot-Performing-SLAM/build/bruno': CMAKE_PREFIX_PATH=${CMAKE_PREFIX_PATH}:/opt/ros/humble /usr/bin/cmake /home/azif/projetcs/Quadruped-Robot-Performing-SLAM/bruno -DAMENT_CMAKE_SYMLINK_INSTALL=1 -DCMAKE_INSTALL_PREFIX=/home/azif/projetcs/Quadruped-Robot-Performing-SLAM/install/bruno
[0.066s] -- The C compiler identification is GNU 11.4.0
[0.117s] -- The CXX compiler identification is GNU 11.4.0
[0.123s] -- Detecting C compiler ABI info
[0.187s] -- Detecting C compiler ABI info - done
[0.192s] -- Check for working C compiler: /usr/bin/cc - skipped
[0.192s] -- Detecting C compile features
[0.193s] -- Detecting C compile features - done
[0.195s] -- Detecting CXX compiler ABI info
[0.270s] -- Detecting CXX compiler ABI info - done
[0.275s] -- Check for working CXX compiler: /usr/bin/c++ - skipped
[0.276s] -- Detecting CXX compile features
[0.276s] -- Detecting CXX compile features - done
[0.279s] -- Found ament_cmake: 1.3.12 (/opt/ros/humble/share/ament_cmake/cmake)
[0.407s] -- Found Python3: /usr/bin/python3 (found version "3.10.12") found components: Interpreter 
[0.463s] -- Override CMake install command with custom implementation using symlinks instead of copying resources
[0.495s] -- Found robot_state_publisher: 3.0.3 (/opt/ros/humble/share/robot_state_publisher/cmake)
[0.532s] -- Found rosidl_generator_c: 3.1.7 (/opt/ros/humble/share/rosidl_generator_c/cmake)
[0.537s] -- Found rosidl_adapter: 3.1.7 (/opt/ros/humble/share/rosidl_adapter/cmake)
[0.546s] -- Found rosidl_generator_cpp: 3.1.7 (/opt/ros/humble/share/rosidl_generator_cpp/cmake)
[0.557s] -- Using all available rosidl_typesupport_c: rosidl_typesupport_fastrtps_c;rosidl_typesupport_introspection_c
[0.571s] -- Using all available rosidl_typesupport_cpp: rosidl_typesupport_fastrtps_cpp;rosidl_typesupport_introspection_cpp
[0.626s] -- Found eigen3_cmake_module: 0.1.1 (/opt/ros/humble/share/eigen3_cmake_module/cmake)
[0.628s] -- Found Eigen3: TRUE (found version "3.4.0") 
[0.628s] -- Ensuring Eigen3 include directory is part of orocos-kdl CMake target
[0.669s] -- Found rmw_implementation_cmake: 6.1.2 (/opt/ros/humble/share/rmw_implementation_cmake/cmake)
[0.673s] -- Found rmw_cyclonedds_cpp: 1.3.4 (/opt/ros/humble/share/rmw_cyclonedds_cpp/cmake)
[0.692s] -- Using RMW implementation 'rmw_cyclonedds_cpp' as default
[0.701s] -- Looking for pthread.h
[0.772s] -- Looking for pthread.h - found
[0.772s] -- Performing Test CMAKE_HAVE_LIBC_PTHREAD
[0.843s] -- Performing Test CMAKE_HAVE_LIBC_PTHREAD - Success
[0.844s] -- Found Threads: TRUE  
[1.006s] -- Found xacro: 2.0.13 (/opt/ros/humble/share/xacro/cmake)
[1.008s] -- Found ros2_control: 2.51.0 (/opt/ros/humble/share/ros2_control/cmake)
[1.061s] -- Configuring done
[1.066s] -- Generating done
[1.067s] -- Build files have been written to: /home/azif/projetcs/Quadruped-Robot-Performing-SLAM/build/bruno
[1.076s] Invoked command in '/home/azif/projetcs/Quadruped-Robot-Performing-SLAM/build/bruno' returned '0': CMAKE_PREFIX_PATH=${CMAKE_PREFIX_PATH}:/opt/ros/humble /usr/bin/cmake /home/azif/projetcs/Quadruped-Robot-Performing-SLAM/bruno -DAMENT_CMAKE_SYMLINK_INSTALL=1 -DCMAKE_INSTALL_PREFIX=/home/azif/projetcs/Quadruped-Robot-Performing-SLAM/install/bruno
[1.078s] Invoking command in '/home/azif/projetcs/Quadruped-Robot-Performing-SLAM/build/bruno': CMAKE_PREFIX_PATH=${CMAKE_PREFIX_PATH}:/opt/ros/humble /usr/bin/cmake --build /home/azif/projetcs/Quadruped-Robot-Performing-SLAM/build/bruno -- -j16 -l16
[1.117s] Invoked command in '/home/azif/projetcs/Quadruped-Robot-Performing-SLAM/build/bruno' returned '0': CMAKE_PREFIX_PATH=${CMAKE_PREFIX_PATH}:/opt/ros/humble /usr/bin/cmake --build /home/azif/projetcs/Quadruped-Robot-Performing-SLAM/build/bruno -- -j16 -l16
[1.119s] Invoking command in '/home/azif/projetcs/Quadruped-Robot-Performing-SLAM/build/bruno': CMAKE_PREFIX_PATH=${CMAKE_PREFIX_PATH}:/opt/ros/humble /usr/bin/cmake --install /home/azif/projetcs/Quadruped-Robot-Performing-SLAM/build/bruno
[1.127s] -- Install configuration: ""
[1.127s] -- Execute custom install script
[1.127s] -- Symlinking: /home/azif/projetcs/Quadruped-Robot-Performing-SLAM/install/bruno/share/bruno//urdf/bruno.csv
[1.137s] -- Symlinking: /home/azif/projetcs/Quadruped-Robot-Performing-SLAM/install/bruno/share/bruno//urdf/bruno.urdf.xacro
[1.146s] -- Symlinking: /home/azif/projetcs/Quadruped-Robot-Performing-SLAM/install/bruno/share/bruno//meshes/base_link.STL
[1.156s] -- Symlinking: /home/azif/projetcs/Quadruped-Robot-Performing-SLAM/install/bruno/share/bruno//meshes/bl_leg_link.STL
[1.164s] -- Symlinking: /home/azif/projetcs/Quadruped-Robot-Performing-SLAM/install/bruno/share/bruno//meshes/bl_shin_link.STL
[1.174s] -- Symlinking: /home/azif/projetcs/Quadruped-Robot-Performing-SLAM/install/bruno/share/bruno//meshes/bl_thigh_link.STL
[1.184s] -- Symlinking: /home/azif/projetcs/Quadruped-Robot-Performing-SLAM/install/bruno/share/bruno//meshes/br_leg_link.STL
[1.193s] -- Symlinking: /home/azif/projetcs/Quadruped-Robot-Performing-SLAM/install/bruno/share/bruno//meshes/br_shin_link.STL
[1.203s] -- Symlinking: /home/azif/projetcs/Quadruped-Robot-Performing-SLAM/install/bruno/share/bruno//meshes/br_thigh_link.STL
[1.212s] -- Symlinking: /home/azif/projetcs/Quadruped-Robot-Performing-SLAM/install/bruno/share/bruno//meshes/fl_leg_link.STL
[1.221s] -- Symlinking: /home/azif/projetcs/Quadruped-Robot-Performing-SLAM/install/bruno/share/bruno//meshes/fl_shin_link.STL
[1.231s] -- Symlinking: /home/azif/projetcs/Quadruped-Robot-Performing-SLAM/install/bruno/share/bruno//meshes/fl_thigh_link.STL
[1.240s] -- Symlinking: /home/azif/projetcs/Quadruped-Robot-Performing-SLAM/install/bruno/share/bruno//meshes/fr_leg_link.STL
[1.250s] -- Symlinking: /home/azif/projetcs/Quadruped-Robot-Performing-SLAM/install/bruno/share/bruno//meshes/fr_shin_link.STL
[1.259s] -- Symlinking: /home/azif/projetcs/Quadruped-Robot-Performing-SLAM/install/bruno/share/bruno//meshes/fr_thigh_link.STL
[1.268s] -- Symlinking: /home/azif/projetcs/Quadruped-Robot-Performing-SLAM/install/bruno/share/bruno//meshes/lidar_link.STL
[1.278s] -- Symlinking: /home/azif/projetcs/Quadruped-Robot-Performing-SLAM/install/bruno/share/bruno//launch/debug.launch.py
[1.288s] -- Symlinking: /home/azif/projetcs/Quadruped-Robot-Performing-SLAM/install/bruno/share/bruno//launch/display.launch.py
[1.297s] -- Symlinking: /home/azif/projetcs/Quadruped-Robot-Performing-SLAM/install/bruno/share/bruno//launch/gazebo.launch.py
[1.307s] -- Symlinking: /home/azif/projetcs/Quadruped-Robot-Performing-SLAM/install/bruno/share/bruno//launch/robot_description_publisher.py
[1.316s] -- Symlinking: /home/azif/projetcs/Quadruped-Robot-Performing-SLAM/install/bruno/share/bruno//launch/spawn_robot_ros2.launch.py
[1.325s] -- Symlinking: /home/azif/projetcs/Quadruped-Robot-Performing-SLAM/install/bruno/share/bruno//launch/test_launch.py
[1.334s] -- Symlinking: /home/azif/projetcs/Quadruped-Robot-Performing-SLAM/install/bruno/share/bruno//config/control.yaml
[1.343s] -- Symlinking: /home/azif/projetcs/Quadruped-Robot-Performing-SLAM/install/bruno/share/bruno//worlds/empty_world.world
[1.353s] -- Symlinking: /home/azif/projetcs/Quadruped-Robot-Performing-SLAM/install/bruno/lib/bruno/robot_description_publisher.py
[1.362s] -- Symlinking: /home/azif/projetcs/Quadruped-Robot-Performing-SLAM/install/bruno/share/ament_index/resource_index/package_run_dependencies/bruno
[1.373s] -- Symlinking: /home/azif/projetcs/Quadruped-Robot-Performing-SLAM/install/bruno/share/ament_index/resource_index/parent_prefix_path/bruno
[1.383s] -- Symlinking: /home/azif/projetcs/Quadruped-Robot-Performing-SLAM/install/bruno/share/bruno/environment/ament_prefix_path.sh
[1.392s] -- Symlinking: /home/azif/projetcs/Quadruped-Robot-Performing-SLAM/install/bruno/share/bruno/environment/ament_prefix_path.dsv
[1.402s] -- Symlinking: /home/azif/projetcs/Quadruped-Robot-Performing-SLAM/install/bruno/share/bruno/environment/path.sh
[1.411s] -- Symlinking: /home/azif/projetcs/Quadruped-Robot-Performing-SLAM/install/bruno/share/bruno/environment/path.dsv
[1.420s] -- Symlinking: /home/azif/projetcs/Quadruped-Robot-Performing-SLAM/install/bruno/share/bruno/local_setup.bash
[1.430s] -- Symlinking: /home/azif/projetcs/Quadruped-Robot-Performing-SLAM/install/bruno/share/bruno/local_setup.sh
[1.438s] -- Symlinking: /home/azif/projetcs/Quadruped-Robot-Performing-SLAM/install/bruno/share/bruno/local_setup.zsh
[1.447s] -- Symlinking: /home/azif/projetcs/Quadruped-Robot-Performing-SLAM/install/bruno/share/bruno/local_setup.dsv
[1.457s] -- Symlinking: /home/azif/projetcs/Quadruped-Robot-Performing-SLAM/install/bruno/share/bruno/package.dsv
[1.467s] -- Symlinking: /home/azif/projetcs/Quadruped-Robot-Performing-SLAM/install/bruno/share/ament_index/resource_index/packages/bruno
[1.476s] -- Symlinking: /home/azif/projetcs/Quadruped-Robot-Performing-SLAM/install/bruno/share/bruno/cmake/brunoConfig.cmake
[1.486s] -- Symlinking: /home/azif/projetcs/Quadruped-Robot-Performing-SLAM/install/bruno/share/bruno/cmake/brunoConfig-version.cmake
[1.495s] -- Symlinking: /home/azif/projetcs/Quadruped-Robot-Performing-SLAM/install/bruno/share/bruno/package.xml
[1.506s] Invoked command in '/home/azif/projetcs/Quadruped-Robot-Performing-SLAM/build/bruno' returned '0': CMAKE_PREFIX_PATH=${CMAKE_PREFIX_PATH}:/opt/ros/humble /usr/bin/cmake --install /home/azif/projetcs/Quadruped-Robot-Performing-SLAM/build/bruno
