-- Install configuration: ""
-- Execute custom install script
-- Up-to-date symlink: /home/azif/projetcs/Quadruped-Robot-Performing-SLAM/install/bruno/share/bruno//urdf/bruno.csv
-- Up-to-date symlink: /home/azif/projetcs/Quadruped-Robot-Performing-SLAM/install/bruno/share/bruno//urdf/bruno.urdf.xacro
-- Up-to-date symlink: /home/azif/projetcs/Quadruped-Robot-Performing-SLAM/install/bruno/share/bruno//meshes/base_link.STL
-- Up-to-date symlink: /home/azif/projetcs/Quadruped-Robot-Performing-SLAM/install/bruno/share/bruno//meshes/bl_leg_link.STL
-- Up-to-date symlink: /home/azif/projetcs/Quadruped-Robot-Performing-SLAM/install/bruno/share/bruno//meshes/bl_shin_link.STL
-- Up-to-date symlink: /home/azif/projetcs/Quadruped-Robot-Performing-SLAM/install/bruno/share/bruno//meshes/bl_thigh_link.STL
-- Up-to-date symlink: /home/azif/projetcs/Quadruped-Robot-Performing-SLAM/install/bruno/share/bruno//meshes/br_leg_link.STL
-- Up-to-date symlink: /home/azif/projetcs/Quadruped-Robot-Performing-SLAM/install/bruno/share/bruno//meshes/br_shin_link.STL
-- Up-to-date symlink: /home/azif/projetcs/Quadruped-Robot-Performing-SLAM/install/bruno/share/bruno//meshes/br_thigh_link.STL
-- Up-to-date symlink: /home/azif/projetcs/Quadruped-Robot-Performing-SLAM/install/bruno/share/bruno//meshes/fl_leg_link.STL
-- Up-to-date symlink: /home/azif/projetcs/Quadruped-Robot-Performing-SLAM/install/bruno/share/bruno//meshes/fl_shin_link.STL
-- Up-to-date symlink: /home/azif/projetcs/Quadruped-Robot-Performing-SLAM/install/bruno/share/bruno//meshes/fl_thigh_link.STL
-- Up-to-date symlink: /home/azif/projetcs/Quadruped-Robot-Performing-SLAM/install/bruno/share/bruno//meshes/fr_leg_link.STL
-- Up-to-date symlink: /home/azif/projetcs/Quadruped-Robot-Performing-SLAM/install/bruno/share/bruno//meshes/fr_shin_link.STL
-- Up-to-date symlink: /home/azif/projetcs/Quadruped-Robot-Performing-SLAM/install/bruno/share/bruno//meshes/fr_thigh_link.STL
-- Up-to-date symlink: /home/azif/projetcs/Quadruped-Robot-Performing-SLAM/install/bruno/share/bruno//meshes/lidar_link.STL
-- Up-to-date symlink: /home/azif/projetcs/Quadruped-Robot-Performing-SLAM/install/bruno/share/bruno//launch/debug.launch.py
-- Up-to-date symlink: /home/azif/projetcs/Quadruped-Robot-Performing-SLAM/install/bruno/share/bruno//launch/display.launch.py
-- Up-to-date symlink: /home/azif/projetcs/Quadruped-Robot-Performing-SLAM/install/bruno/share/bruno//launch/gazebo.launch.py
-- Up-to-date symlink: /home/azif/projetcs/Quadruped-Robot-Performing-SLAM/install/bruno/share/bruno//launch/robot_description_publisher.py
-- Up-to-date symlink: /home/azif/projetcs/Quadruped-Robot-Performing-SLAM/install/bruno/share/bruno//launch/spawn_robot_ros2.launch.py
-- Up-to-date symlink: /home/azif/projetcs/Quadruped-Robot-Performing-SLAM/install/bruno/share/bruno//launch/test_launch.py
-- Up-to-date symlink: /home/azif/projetcs/Quadruped-Robot-Performing-SLAM/install/bruno/share/bruno//config/control.yaml
-- Up-to-date symlink: /home/azif/projetcs/Quadruped-Robot-Performing-SLAM/install/bruno/share/bruno//worlds/empty_world.world
-- Up-to-date symlink: /home/azif/projetcs/Quadruped-Robot-Performing-SLAM/install/bruno/lib/bruno/robot_description_publisher.py
-- Up-to-date symlink: /home/azif/projetcs/Quadruped-Robot-Performing-SLAM/install/bruno/share/ament_index/resource_index/package_run_dependencies/bruno
-- Up-to-date symlink: /home/azif/projetcs/Quadruped-Robot-Performing-SLAM/install/bruno/share/ament_index/resource_index/parent_prefix_path/bruno
-- Up-to-date symlink: /home/azif/projetcs/Quadruped-Robot-Performing-SLAM/install/bruno/share/bruno/environment/ament_prefix_path.sh
-- Up-to-date symlink: /home/azif/projetcs/Quadruped-Robot-Performing-SLAM/install/bruno/share/bruno/environment/ament_prefix_path.dsv
-- Up-to-date symlink: /home/azif/projetcs/Quadruped-Robot-Performing-SLAM/install/bruno/share/bruno/environment/path.sh
-- Up-to-date symlink: /home/azif/projetcs/Quadruped-Robot-Performing-SLAM/install/bruno/share/bruno/environment/path.dsv
-- Up-to-date symlink: /home/azif/projetcs/Quadruped-Robot-Performing-SLAM/install/bruno/share/bruno/local_setup.bash
-- Up-to-date symlink: /home/azif/projetcs/Quadruped-Robot-Performing-SLAM/install/bruno/share/bruno/local_setup.sh
-- Up-to-date symlink: /home/azif/projetcs/Quadruped-Robot-Performing-SLAM/install/bruno/share/bruno/local_setup.zsh
-- Up-to-date symlink: /home/azif/projetcs/Quadruped-Robot-Performing-SLAM/install/bruno/share/bruno/local_setup.dsv
-- Symlinking: /home/azif/projetcs/Quadruped-Robot-Performing-SLAM/install/bruno/share/bruno/package.dsv
-- Up-to-date symlink: /home/azif/projetcs/Quadruped-Robot-Performing-SLAM/install/bruno/share/ament_index/resource_index/packages/bruno
-- Up-to-date symlink: /home/azif/projetcs/Quadruped-Robot-Performing-SLAM/install/bruno/share/bruno/cmake/brunoConfig.cmake
-- Up-to-date symlink: /home/azif/projetcs/Quadruped-Robot-Performing-SLAM/install/bruno/share/bruno/cmake/brunoConfig-version.cmake
-- Up-to-date symlink: /home/azif/projetcs/Quadruped-Robot-Performing-SLAM/install/bruno/share/bruno/package.xml
