[0.013s] Invoking command in '/home/azif/projetcs/Quadruped-Robot-Performing-SLAM/build/quadruped_slam_gazebo': CMAKE_PREFIX_PATH=${CMAKE_PREFIX_PATH}:/opt/ros/humble /usr/bin/cmake --build /home/azif/projetcs/Quadruped-Robot-Performing-SLAM/build/quadruped_slam_gazebo -- -j16 -l16
[0.050s] Invoked command in '/home/azif/projetcs/Quadruped-Robot-Performing-SLAM/build/quadruped_slam_gazebo' returned '0': CMAKE_PREFIX_PATH=${CMAKE_PREFIX_PATH}:/opt/ros/humble /usr/bin/cmake --build /home/azif/projetcs/Quadruped-Robot-Performing-SLAM/build/quadruped_slam_gazebo -- -j16 -l16
[0.060s] Invoking command in '/home/azif/projetcs/Quadruped-Robot-Performing-SLAM/build/quadruped_slam_gazebo': CMAKE_PREFIX_PATH=${CMAKE_PREFIX_PATH}:/opt/ros/humble /usr/bin/cmake --install /home/azif/projetcs/Quadruped-Robot-Performing-SLAM/build/quadruped_slam_gazebo
[0.068s] -- Install configuration: ""
[0.068s] -- Execute custom install script
[0.068s] -- Up-to-date symlink: /home/azif/projetcs/Quadruped-Robot-Performing-SLAM/install/quadruped_slam_gazebo/share/quadruped_slam_gazebo/launch/quadruped_world.launch.py
[0.068s] -- Up-to-date symlink: /home/azif/projetcs/Quadruped-Robot-Performing-SLAM/install/quadruped_slam_gazebo/share/quadruped_slam_gazebo/launch/slam_simulation.launch.py
[0.068s] -- Up-to-date symlink: /home/azif/projetcs/Quadruped-Robot-Performing-SLAM/install/quadruped_slam_gazebo/share/ament_index/resource_index/package_run_dependencies/quadruped_slam_gazebo
[0.068s] -- Up-to-date symlink: /home/azif/projetcs/Quadruped-Robot-Performing-SLAM/install/quadruped_slam_gazebo/share/ament_index/resource_index/parent_prefix_path/quadruped_slam_gazebo
[0.069s] -- Up-to-date symlink: /home/azif/projetcs/Quadruped-Robot-Performing-SLAM/install/quadruped_slam_gazebo/share/quadruped_slam_gazebo/environment/ament_prefix_path.sh
[0.069s] -- Up-to-date symlink: /home/azif/projetcs/Quadruped-Robot-Performing-SLAM/install/quadruped_slam_gazebo/share/quadruped_slam_gazebo/environment/ament_prefix_path.dsv
[0.069s] -- Up-to-date symlink: /home/azif/projetcs/Quadruped-Robot-Performing-SLAM/install/quadruped_slam_gazebo/share/quadruped_slam_gazebo/environment/path.sh
[0.069s] -- Up-to-date symlink: /home/azif/projetcs/Quadruped-Robot-Performing-SLAM/install/quadruped_slam_gazebo/share/quadruped_slam_gazebo/environment/path.dsv
[0.069s] -- Up-to-date symlink: /home/azif/projetcs/Quadruped-Robot-Performing-SLAM/install/quadruped_slam_gazebo/share/quadruped_slam_gazebo/local_setup.bash
[0.069s] -- Up-to-date symlink: /home/azif/projetcs/Quadruped-Robot-Performing-SLAM/install/quadruped_slam_gazebo/share/quadruped_slam_gazebo/local_setup.sh
[0.069s] -- Up-to-date symlink: /home/azif/projetcs/Quadruped-Robot-Performing-SLAM/install/quadruped_slam_gazebo/share/quadruped_slam_gazebo/local_setup.zsh
[0.069s] -- Up-to-date symlink: /home/azif/projetcs/Quadruped-Robot-Performing-SLAM/install/quadruped_slam_gazebo/share/quadruped_slam_gazebo/local_setup.dsv
[0.070s] -- Symlinking: /home/azif/projetcs/Quadruped-Robot-Performing-SLAM/install/quadruped_slam_gazebo/share/quadruped_slam_gazebo/package.dsv
[0.078s] -- Up-to-date symlink: /home/azif/projetcs/Quadruped-Robot-Performing-SLAM/install/quadruped_slam_gazebo/share/ament_index/resource_index/packages/quadruped_slam_gazebo
[0.078s] -- Up-to-date symlink: /home/azif/projetcs/Quadruped-Robot-Performing-SLAM/install/quadruped_slam_gazebo/share/quadruped_slam_gazebo/cmake/quadruped_slam_gazeboConfig.cmake
[0.078s] -- Up-to-date symlink: /home/azif/projetcs/Quadruped-Robot-Performing-SLAM/install/quadruped_slam_gazebo/share/quadruped_slam_gazebo/cmake/quadruped_slam_gazeboConfig-version.cmake
[0.079s] -- Up-to-date symlink: /home/azif/projetcs/Quadruped-Robot-Performing-SLAM/install/quadruped_slam_gazebo/share/quadruped_slam_gazebo/package.xml
[0.081s] Invoked command in '/home/azif/projetcs/Quadruped-Robot-Performing-SLAM/build/quadruped_slam_gazebo' returned '0': CMAKE_PREFIX_PATH=${CMAKE_PREFIX_PATH}:/opt/ros/humble /usr/bin/cmake --install /home/azif/projetcs/Quadruped-Robot-Performing-SLAM/build/quadruped_slam_gazebo
