[0.090s] DEBUG:colcon:Command line arguments: ['/usr/bin/colcon', 'build', '--symlink-install']
[0.090s] DEBUG:colcon:Parsed command line arguments: Namespace(log_base=None, log_level=None, verb_name='build', build_base='build', install_base='install', merge_install=False, symlink_install=True, test_result_base=None, continue_on_error=False, executor='parallel', parallel_workers=16, event_handlers=None, ignore_user_meta=False, metas=['./colcon.meta'], base_paths=['.'], packages_ignore=None, packages_ignore_regex=None, paths=None, packages_up_to=None, packages_up_to_regex=None, packages_above=None, packages_above_and_dependencies=None, packages_above_depth=None, packages_select_by_dep=None, packages_skip_by_dep=None, packages_skip_up_to=None, packages_select_build_failed=False, packages_skip_build_finished=False, packages_select_test_failures=False, packages_skip_test_passed=False, packages_select=None, packages_skip=None, packages_select_regex=None, packages_skip_regex=None, packages_start=None, packages_end=None, allow_overriding=[], cmake_args=None, cmake_target=None, cmake_target_skip_unavailable=False, cmake_clean_cache=False, cmake_clean_first=False, cmake_force_configure=False, ament_cmake_args=None, catkin_cmake_args=None, catkin_skip_building_tests=False, mixin_files=None, mixin=None, verb_parser=<colcon_mixin.mixin.mixin_argument.MixinArgumentDecorator object at 0x73ec032ac310>, verb_extension=<colcon_core.verb.build.BuildVerb object at 0x73ec03277e20>, main=<bound method BuildVerb.main of <colcon_core.verb.build.BuildVerb object at 0x73ec03277e20>>, mixin_verb=('build',))
[0.238s] Level 1:colcon.colcon_core.package_discovery:discover_packages(colcon_meta) check parameters
[0.238s] Level 1:colcon.colcon_core.package_discovery:discover_packages(recursive) check parameters
[0.238s] Level 1:colcon.colcon_core.package_discovery:discover_packages(ignore) check parameters
[0.238s] Level 1:colcon.colcon_core.package_discovery:discover_packages(path) check parameters
[0.238s] Level 1:colcon.colcon_core.package_discovery:discover_packages(colcon_meta) discover
[0.238s] Level 1:colcon.colcon_core.package_discovery:discover_packages(recursive) discover
[0.238s] INFO:colcon.colcon_core.package_discovery:Crawling recursively for packages in '/home/azif/projetcs/Quadruped-Robot-Performing-SLAM'
[0.239s] Level 1:colcon.colcon_core.package_identification:_identify(.) by extensions ['ignore', 'ignore_ament_install']
[0.239s] Level 1:colcon.colcon_core.package_identification:_identify(.) by extension 'ignore'
[0.239s] Level 1:colcon.colcon_core.package_identification:_identify(.) by extension 'ignore_ament_install'
[0.239s] Level 1:colcon.colcon_core.package_identification:_identify(.) by extensions ['colcon_pkg']
[0.239s] Level 1:colcon.colcon_core.package_identification:_identify(.) by extension 'colcon_pkg'
[0.239s] Level 1:colcon.colcon_core.package_identification:_identify(.) by extensions ['colcon_meta']
[0.239s] Level 1:colcon.colcon_core.package_identification:_identify(.) by extension 'colcon_meta'
[0.239s] Level 1:colcon.colcon_core.package_identification:_identify(.) by extensions ['ros']
[0.239s] Level 1:colcon.colcon_core.package_identification:_identify(.) by extension 'ros'
[0.256s] Level 1:colcon.colcon_core.package_identification:_identify(.) by extensions ['cmake', 'python']
[0.256s] Level 1:colcon.colcon_core.package_identification:_identify(.) by extension 'cmake'
[0.256s] Level 1:colcon.colcon_core.package_identification:_identify(.) by extension 'python'
[0.256s] Level 1:colcon.colcon_core.package_identification:_identify(.) by extensions ['python_setup_py']
[0.256s] Level 1:colcon.colcon_core.package_identification:_identify(.) by extension 'python_setup_py'
[0.256s] Level 1:colcon.colcon_core.package_identification:_identify(bruno) by extensions ['ignore', 'ignore_ament_install']
[0.256s] Level 1:colcon.colcon_core.package_identification:_identify(bruno) by extension 'ignore'
[0.256s] Level 1:colcon.colcon_core.package_identification:_identify(bruno) by extension 'ignore_ament_install'
[0.257s] Level 1:colcon.colcon_core.package_identification:_identify(bruno) by extensions ['colcon_pkg']
[0.257s] Level 1:colcon.colcon_core.package_identification:_identify(bruno) by extension 'colcon_pkg'
[0.257s] Level 1:colcon.colcon_core.package_identification:_identify(bruno) by extensions ['colcon_meta']
[0.257s] Level 1:colcon.colcon_core.package_identification:_identify(bruno) by extension 'colcon_meta'
[0.257s] Level 1:colcon.colcon_core.package_identification:_identify(bruno) by extensions ['ros']
[0.257s] Level 1:colcon.colcon_core.package_identification:_identify(bruno) by extension 'ros'
[0.259s] DEBUG:colcon.colcon_core.package_identification:Package 'bruno' with type 'ros.ament_cmake' and name 'bruno'
[0.259s] Level 1:colcon.colcon_core.package_identification:_identify(build) by extensions ['ignore', 'ignore_ament_install']
[0.259s] Level 1:colcon.colcon_core.package_identification:_identify(build) by extension 'ignore'
[0.259s] Level 1:colcon.colcon_core.package_identification:_identify(build) ignored
[0.259s] Level 1:colcon.colcon_core.package_identification:_identify(install) by extensions ['ignore', 'ignore_ament_install']
[0.259s] Level 1:colcon.colcon_core.package_identification:_identify(install) by extension 'ignore'
[0.259s] Level 1:colcon.colcon_core.package_identification:_identify(install) ignored
[0.259s] Level 1:colcon.colcon_core.package_identification:_identify(log) by extensions ['ignore', 'ignore_ament_install']
[0.259s] Level 1:colcon.colcon_core.package_identification:_identify(log) by extension 'ignore'
[0.259s] Level 1:colcon.colcon_core.package_identification:_identify(log) ignored
[0.259s] Level 1:colcon.colcon_core.package_identification:_identify(quadruped_slam_gazebo) by extensions ['ignore', 'ignore_ament_install']
[0.259s] Level 1:colcon.colcon_core.package_identification:_identify(quadruped_slam_gazebo) by extension 'ignore'
[0.260s] Level 1:colcon.colcon_core.package_identification:_identify(quadruped_slam_gazebo) by extension 'ignore_ament_install'
[0.260s] Level 1:colcon.colcon_core.package_identification:_identify(quadruped_slam_gazebo) by extensions ['colcon_pkg']
[0.260s] Level 1:colcon.colcon_core.package_identification:_identify(quadruped_slam_gazebo) by extension 'colcon_pkg'
[0.260s] Level 1:colcon.colcon_core.package_identification:_identify(quadruped_slam_gazebo) by extensions ['colcon_meta']
[0.260s] Level 1:colcon.colcon_core.package_identification:_identify(quadruped_slam_gazebo) by extension 'colcon_meta'
[0.260s] Level 1:colcon.colcon_core.package_identification:_identify(quadruped_slam_gazebo) by extensions ['ros']
[0.260s] Level 1:colcon.colcon_core.package_identification:_identify(quadruped_slam_gazebo) by extension 'ros'
[0.260s] DEBUG:colcon.colcon_core.package_identification:Package 'quadruped_slam_gazebo' with type 'ros.ament_cmake' and name 'quadruped_slam_gazebo'
[0.260s] Level 1:colcon.colcon_core.package_identification:_identify(quadruped_slam_model) by extensions ['ignore', 'ignore_ament_install']
[0.260s] Level 1:colcon.colcon_core.package_identification:_identify(quadruped_slam_model) by extension 'ignore'
[0.260s] Level 1:colcon.colcon_core.package_identification:_identify(quadruped_slam_model) by extension 'ignore_ament_install'
[0.260s] Level 1:colcon.colcon_core.package_identification:_identify(quadruped_slam_model) by extensions ['colcon_pkg']
[0.261s] Level 1:colcon.colcon_core.package_identification:_identify(quadruped_slam_model) by extension 'colcon_pkg'
[0.261s] Level 1:colcon.colcon_core.package_identification:_identify(quadruped_slam_model) by extensions ['colcon_meta']
[0.261s] Level 1:colcon.colcon_core.package_identification:_identify(quadruped_slam_model) by extension 'colcon_meta'
[0.261s] Level 1:colcon.colcon_core.package_identification:_identify(quadruped_slam_model) by extensions ['ros']
[0.261s] Level 1:colcon.colcon_core.package_identification:_identify(quadruped_slam_model) by extension 'ros'
[0.261s] DEBUG:colcon.colcon_core.package_identification:Package 'quadruped_slam_model' with type 'ros.ament_cmake' and name 'quadruped_slam_model'
[0.262s] Level 1:colcon.colcon_core.package_discovery:discover_packages(recursive) using defaults
[0.262s] Level 1:colcon.colcon_core.package_discovery:discover_packages(ignore) discover
[0.262s] Level 1:colcon.colcon_core.package_discovery:discover_packages(ignore) using defaults
[0.262s] Level 1:colcon.colcon_core.package_discovery:discover_packages(path) discover
[0.262s] Level 1:colcon.colcon_core.package_discovery:discover_packages(path) using defaults
[0.277s] Level 1:colcon.colcon_core.package_discovery:discover_packages(prefix_path) check parameters
[0.277s] Level 1:colcon.colcon_core.package_discovery:discover_packages(prefix_path) discover
[0.279s] DEBUG:colcon.colcon_installed_package_information.package_discovery:Found 3 installed packages in /home/azif/projetcs/Quadruped-Robot-Performing-SLAM/install
[0.280s] DEBUG:colcon.colcon_installed_package_information.package_discovery:Found 515 installed packages in /opt/ros/humble
[0.282s] Level 1:colcon.colcon_core.package_discovery:discover_packages(prefix_path) using defaults
[0.326s] Level 5:colcon.colcon_core.verb:set package 'bruno' build argument 'cmake_args' from command line to 'None'
[0.326s] Level 5:colcon.colcon_core.verb:set package 'bruno' build argument 'cmake_target' from command line to 'None'
[0.326s] Level 5:colcon.colcon_core.verb:set package 'bruno' build argument 'cmake_target_skip_unavailable' from command line to 'False'
[0.326s] Level 5:colcon.colcon_core.verb:set package 'bruno' build argument 'cmake_clean_cache' from command line to 'False'
[0.326s] Level 5:colcon.colcon_core.verb:set package 'bruno' build argument 'cmake_clean_first' from command line to 'False'
[0.326s] Level 5:colcon.colcon_core.verb:set package 'bruno' build argument 'cmake_force_configure' from command line to 'False'
[0.326s] Level 5:colcon.colcon_core.verb:set package 'bruno' build argument 'ament_cmake_args' from command line to 'None'
[0.326s] Level 5:colcon.colcon_core.verb:set package 'bruno' build argument 'catkin_cmake_args' from command line to 'None'
[0.326s] Level 5:colcon.colcon_core.verb:set package 'bruno' build argument 'catkin_skip_building_tests' from command line to 'False'
[0.326s] DEBUG:colcon.colcon_core.verb:Building package 'bruno' with the following arguments: {'ament_cmake_args': None, 'build_base': '/home/azif/projetcs/Quadruped-Robot-Performing-SLAM/build/bruno', 'catkin_cmake_args': None, 'catkin_skip_building_tests': False, 'cmake_args': None, 'cmake_clean_cache': False, 'cmake_clean_first': False, 'cmake_force_configure': False, 'cmake_target': None, 'cmake_target_skip_unavailable': False, 'install_base': '/home/azif/projetcs/Quadruped-Robot-Performing-SLAM/install/bruno', 'merge_install': False, 'path': '/home/azif/projetcs/Quadruped-Robot-Performing-SLAM/bruno', 'symlink_install': True, 'test_result_base': None}
[0.326s] Level 5:colcon.colcon_core.verb:set package 'quadruped_slam_gazebo' build argument 'cmake_args' from command line to 'None'
[0.326s] Level 5:colcon.colcon_core.verb:set package 'quadruped_slam_gazebo' build argument 'cmake_target' from command line to 'None'
[0.326s] Level 5:colcon.colcon_core.verb:set package 'quadruped_slam_gazebo' build argument 'cmake_target_skip_unavailable' from command line to 'False'
[0.326s] Level 5:colcon.colcon_core.verb:set package 'quadruped_slam_gazebo' build argument 'cmake_clean_cache' from command line to 'False'
[0.326s] Level 5:colcon.colcon_core.verb:set package 'quadruped_slam_gazebo' build argument 'cmake_clean_first' from command line to 'False'
[0.326s] Level 5:colcon.colcon_core.verb:set package 'quadruped_slam_gazebo' build argument 'cmake_force_configure' from command line to 'False'
[0.326s] Level 5:colcon.colcon_core.verb:set package 'quadruped_slam_gazebo' build argument 'ament_cmake_args' from command line to 'None'
[0.326s] Level 5:colcon.colcon_core.verb:set package 'quadruped_slam_gazebo' build argument 'catkin_cmake_args' from command line to 'None'
[0.326s] Level 5:colcon.colcon_core.verb:set package 'quadruped_slam_gazebo' build argument 'catkin_skip_building_tests' from command line to 'False'
[0.326s] DEBUG:colcon.colcon_core.verb:Building package 'quadruped_slam_gazebo' with the following arguments: {'ament_cmake_args': None, 'build_base': '/home/azif/projetcs/Quadruped-Robot-Performing-SLAM/build/quadruped_slam_gazebo', 'catkin_cmake_args': None, 'catkin_skip_building_tests': False, 'cmake_args': None, 'cmake_clean_cache': False, 'cmake_clean_first': False, 'cmake_force_configure': False, 'cmake_target': None, 'cmake_target_skip_unavailable': False, 'install_base': '/home/azif/projetcs/Quadruped-Robot-Performing-SLAM/install/quadruped_slam_gazebo', 'merge_install': False, 'path': '/home/azif/projetcs/Quadruped-Robot-Performing-SLAM/quadruped_slam_gazebo', 'symlink_install': True, 'test_result_base': None}
[0.327s] Level 5:colcon.colcon_core.verb:set package 'quadruped_slam_model' build argument 'cmake_args' from command line to 'None'
[0.327s] Level 5:colcon.colcon_core.verb:set package 'quadruped_slam_model' build argument 'cmake_target' from command line to 'None'
[0.327s] Level 5:colcon.colcon_core.verb:set package 'quadruped_slam_model' build argument 'cmake_target_skip_unavailable' from command line to 'False'
[0.327s] Level 5:colcon.colcon_core.verb:set package 'quadruped_slam_model' build argument 'cmake_clean_cache' from command line to 'False'
[0.327s] Level 5:colcon.colcon_core.verb:set package 'quadruped_slam_model' build argument 'cmake_clean_first' from command line to 'False'
[0.327s] Level 5:colcon.colcon_core.verb:set package 'quadruped_slam_model' build argument 'cmake_force_configure' from command line to 'False'
[0.327s] Level 5:colcon.colcon_core.verb:set package 'quadruped_slam_model' build argument 'ament_cmake_args' from command line to 'None'
[0.327s] Level 5:colcon.colcon_core.verb:set package 'quadruped_slam_model' build argument 'catkin_cmake_args' from command line to 'None'
[0.327s] Level 5:colcon.colcon_core.verb:set package 'quadruped_slam_model' build argument 'catkin_skip_building_tests' from command line to 'False'
[0.327s] DEBUG:colcon.colcon_core.verb:Building package 'quadruped_slam_model' with the following arguments: {'ament_cmake_args': None, 'build_base': '/home/azif/projetcs/Quadruped-Robot-Performing-SLAM/build/quadruped_slam_model', 'catkin_cmake_args': None, 'catkin_skip_building_tests': False, 'cmake_args': None, 'cmake_clean_cache': False, 'cmake_clean_first': False, 'cmake_force_configure': False, 'cmake_target': None, 'cmake_target_skip_unavailable': False, 'install_base': '/home/azif/projetcs/Quadruped-Robot-Performing-SLAM/install/quadruped_slam_model', 'merge_install': False, 'path': '/home/azif/projetcs/Quadruped-Robot-Performing-SLAM/quadruped_slam_model', 'symlink_install': True, 'test_result_base': None}
[0.327s] INFO:colcon.colcon_core.executor:Executing jobs using 'parallel' executor
[0.328s] DEBUG:colcon.colcon_parallel_executor.executor.parallel:run_until_complete
[0.328s] INFO:colcon.colcon_ros.task.ament_cmake.build:Building ROS package in '/home/azif/projetcs/Quadruped-Robot-Performing-SLAM/bruno' with build type 'ament_cmake'
[0.328s] INFO:colcon.colcon_cmake.task.cmake.build:Building CMake package in '/home/azif/projetcs/Quadruped-Robot-Performing-SLAM/bruno'
[0.330s] INFO:colcon.colcon_core.plugin_system:Skipping extension 'colcon_core.shell.bat': Not used on non-Windows systems
[0.330s] INFO:colcon.colcon_core.shell:Skip shell extension 'powershell' for command environment: Not usable outside of PowerShell
[0.330s] DEBUG:colcon.colcon_core.shell:Skip shell extension 'dsv' for command environment
[0.334s] INFO:colcon.colcon_ros.task.ament_cmake.build:Building ROS package in '/home/azif/projetcs/Quadruped-Robot-Performing-SLAM/quadruped_slam_gazebo' with build type 'ament_cmake'
[0.334s] INFO:colcon.colcon_cmake.task.cmake.build:Building CMake package in '/home/azif/projetcs/Quadruped-Robot-Performing-SLAM/quadruped_slam_gazebo'
[0.334s] INFO:colcon.colcon_core.shell:Skip shell extension 'powershell' for command environment: Not usable outside of PowerShell
[0.334s] DEBUG:colcon.colcon_core.shell:Skip shell extension 'dsv' for command environment
[0.338s] INFO:colcon.colcon_ros.task.ament_cmake.build:Building ROS package in '/home/azif/projetcs/Quadruped-Robot-Performing-SLAM/quadruped_slam_model' with build type 'ament_cmake'
[0.338s] INFO:colcon.colcon_cmake.task.cmake.build:Building CMake package in '/home/azif/projetcs/Quadruped-Robot-Performing-SLAM/quadruped_slam_model'
[0.338s] INFO:colcon.colcon_core.shell:Skip shell extension 'powershell' for command environment: Not usable outside of PowerShell
[0.338s] DEBUG:colcon.colcon_core.shell:Skip shell extension 'dsv' for command environment
[0.346s] DEBUG:colcon.colcon_core.event_handler.log_command:Invoking command in '/home/azif/projetcs/Quadruped-Robot-Performing-SLAM/build/bruno': CMAKE_PREFIX_PATH=${CMAKE_PREFIX_PATH}:/opt/ros/humble /usr/bin/cmake --build /home/azif/projetcs/Quadruped-Robot-Performing-SLAM/build/bruno -- -j16 -l16
[0.348s] DEBUG:colcon.colcon_core.event_handler.log_command:Invoking command in '/home/azif/projetcs/Quadruped-Robot-Performing-SLAM/build/quadruped_slam_gazebo': CMAKE_PREFIX_PATH=${CMAKE_PREFIX_PATH}:/opt/ros/humble /usr/bin/cmake --build /home/azif/projetcs/Quadruped-Robot-Performing-SLAM/build/quadruped_slam_gazebo -- -j16 -l16
[0.351s] DEBUG:colcon.colcon_core.event_handler.log_command:Invoking command in '/home/azif/projetcs/Quadruped-Robot-Performing-SLAM/build/quadruped_slam_model': CMAKE_PREFIX_PATH=${CMAKE_PREFIX_PATH}:/opt/ros/humble /usr/bin/cmake --build /home/azif/projetcs/Quadruped-Robot-Performing-SLAM/build/quadruped_slam_model -- -j16 -l16
[0.386s] DEBUG:colcon.colcon_core.event_handler.log_command:Invoked command in '/home/azif/projetcs/Quadruped-Robot-Performing-SLAM/build/bruno' returned '0': CMAKE_PREFIX_PATH=${CMAKE_PREFIX_PATH}:/opt/ros/humble /usr/bin/cmake --build /home/azif/projetcs/Quadruped-Robot-Performing-SLAM/build/bruno -- -j16 -l16
[0.395s] DEBUG:colcon.colcon_core.event_handler.log_command:Invoking command in '/home/azif/projetcs/Quadruped-Robot-Performing-SLAM/build/bruno': CMAKE_PREFIX_PATH=${CMAKE_PREFIX_PATH}:/opt/ros/humble /usr/bin/cmake --install /home/azif/projetcs/Quadruped-Robot-Performing-SLAM/build/bruno
[0.396s] DEBUG:colcon.colcon_core.event_handler.log_command:Invoked command in '/home/azif/projetcs/Quadruped-Robot-Performing-SLAM/build/quadruped_slam_gazebo' returned '0': CMAKE_PREFIX_PATH=${CMAKE_PREFIX_PATH}:/opt/ros/humble /usr/bin/cmake --build /home/azif/projetcs/Quadruped-Robot-Performing-SLAM/build/quadruped_slam_gazebo -- -j16 -l16
[0.397s] DEBUG:colcon.colcon_core.event_handler.log_command:Invoking command in '/home/azif/projetcs/Quadruped-Robot-Performing-SLAM/build/quadruped_slam_gazebo': CMAKE_PREFIX_PATH=${CMAKE_PREFIX_PATH}:/opt/ros/humble /usr/bin/cmake --install /home/azif/projetcs/Quadruped-Robot-Performing-SLAM/build/quadruped_slam_gazebo
[0.398s] DEBUG:colcon.colcon_core.event_handler.log_command:Invoked command in '/home/azif/projetcs/Quadruped-Robot-Performing-SLAM/build/quadruped_slam_model' returned '0': CMAKE_PREFIX_PATH=${CMAKE_PREFIX_PATH}:/opt/ros/humble /usr/bin/cmake --build /home/azif/projetcs/Quadruped-Robot-Performing-SLAM/build/quadruped_slam_model -- -j16 -l16
[0.400s] DEBUG:colcon.colcon_core.event_handler.log_command:Invoking command in '/home/azif/projetcs/Quadruped-Robot-Performing-SLAM/build/quadruped_slam_model': CMAKE_PREFIX_PATH=${CMAKE_PREFIX_PATH}:/opt/ros/humble /usr/bin/cmake --install /home/azif/projetcs/Quadruped-Robot-Performing-SLAM/build/quadruped_slam_model
[0.417s] Level 1:colcon.colcon_core.environment:create_environment_scripts_only(quadruped_slam_gazebo)
[0.418s] DEBUG:colcon.colcon_core.event_handler.log_command:Invoked command in '/home/azif/projetcs/Quadruped-Robot-Performing-SLAM/build/quadruped_slam_gazebo' returned '0': CMAKE_PREFIX_PATH=${CMAKE_PREFIX_PATH}:/opt/ros/humble /usr/bin/cmake --install /home/azif/projetcs/Quadruped-Robot-Performing-SLAM/build/quadruped_slam_gazebo
[0.419s] Level 1:colcon.colcon_core.environment:checking '/home/azif/projetcs/Quadruped-Robot-Performing-SLAM/install/quadruped_slam_gazebo' for CMake module files
[0.420s] Level 1:colcon.colcon_core.environment:checking '/home/azif/projetcs/Quadruped-Robot-Performing-SLAM/install/quadruped_slam_gazebo' for CMake config files
[0.420s] Level 1:colcon.colcon_core.shell:create_environment_hook('quadruped_slam_gazebo', 'cmake_prefix_path')
[0.420s] INFO:colcon.colcon_core.shell:Creating environment hook '/home/azif/projetcs/Quadruped-Robot-Performing-SLAM/install/quadruped_slam_gazebo/share/quadruped_slam_gazebo/hook/cmake_prefix_path.ps1'
[0.421s] INFO:colcon.colcon_core.shell:Creating environment descriptor '/home/azif/projetcs/Quadruped-Robot-Performing-SLAM/install/quadruped_slam_gazebo/share/quadruped_slam_gazebo/hook/cmake_prefix_path.dsv'
[0.421s] INFO:colcon.colcon_core.shell:Creating environment hook '/home/azif/projetcs/Quadruped-Robot-Performing-SLAM/install/quadruped_slam_gazebo/share/quadruped_slam_gazebo/hook/cmake_prefix_path.sh'
[0.422s] Level 1:colcon.colcon_core.environment:checking '/home/azif/projetcs/Quadruped-Robot-Performing-SLAM/install/quadruped_slam_gazebo/bin'
[0.422s] Level 1:colcon.colcon_core.environment:checking '/home/azif/projetcs/Quadruped-Robot-Performing-SLAM/install/quadruped_slam_gazebo/lib/pkgconfig/quadruped_slam_gazebo.pc'
[0.422s] Level 1:colcon.colcon_core.environment:checking '/home/azif/projetcs/Quadruped-Robot-Performing-SLAM/install/quadruped_slam_gazebo/lib/python3.10/site-packages'
[0.422s] Level 1:colcon.colcon_core.environment:checking '/home/azif/projetcs/Quadruped-Robot-Performing-SLAM/install/quadruped_slam_gazebo/bin'
[0.422s] INFO:colcon.colcon_core.shell:Creating package script '/home/azif/projetcs/Quadruped-Robot-Performing-SLAM/install/quadruped_slam_gazebo/share/quadruped_slam_gazebo/package.ps1'
[0.423s] INFO:colcon.colcon_core.shell:Creating package descriptor '/home/azif/projetcs/Quadruped-Robot-Performing-SLAM/install/quadruped_slam_gazebo/share/quadruped_slam_gazebo/package.dsv'
[0.423s] INFO:colcon.colcon_core.shell:Creating package script '/home/azif/projetcs/Quadruped-Robot-Performing-SLAM/install/quadruped_slam_gazebo/share/quadruped_slam_gazebo/package.sh'
[0.424s] INFO:colcon.colcon_core.shell:Creating package script '/home/azif/projetcs/Quadruped-Robot-Performing-SLAM/install/quadruped_slam_gazebo/share/quadruped_slam_gazebo/package.bash'
[0.424s] INFO:colcon.colcon_core.shell:Creating package script '/home/azif/projetcs/Quadruped-Robot-Performing-SLAM/install/quadruped_slam_gazebo/share/quadruped_slam_gazebo/package.zsh'
[0.425s] Level 1:colcon.colcon_core.environment:create_file_with_runtime_dependencies(/home/azif/projetcs/Quadruped-Robot-Performing-SLAM/install/quadruped_slam_gazebo/share/colcon-core/packages/quadruped_slam_gazebo)
[0.425s] Level 1:colcon.colcon_core.environment:create_environment_scripts_only(quadruped_slam_gazebo)
[0.425s] Level 1:colcon.colcon_core.environment:checking '/home/azif/projetcs/Quadruped-Robot-Performing-SLAM/install/quadruped_slam_gazebo' for CMake module files
[0.425s] Level 1:colcon.colcon_core.environment:checking '/home/azif/projetcs/Quadruped-Robot-Performing-SLAM/install/quadruped_slam_gazebo' for CMake config files
[0.426s] Level 1:colcon.colcon_core.shell:create_environment_hook('quadruped_slam_gazebo', 'cmake_prefix_path')
[0.426s] INFO:colcon.colcon_core.shell:Creating environment hook '/home/azif/projetcs/Quadruped-Robot-Performing-SLAM/install/quadruped_slam_gazebo/share/quadruped_slam_gazebo/hook/cmake_prefix_path.ps1'
[0.426s] INFO:colcon.colcon_core.shell:Creating environment descriptor '/home/azif/projetcs/Quadruped-Robot-Performing-SLAM/install/quadruped_slam_gazebo/share/quadruped_slam_gazebo/hook/cmake_prefix_path.dsv'
[0.426s] INFO:colcon.colcon_core.shell:Creating environment hook '/home/azif/projetcs/Quadruped-Robot-Performing-SLAM/install/quadruped_slam_gazebo/share/quadruped_slam_gazebo/hook/cmake_prefix_path.sh'
[0.427s] Level 1:colcon.colcon_core.environment:checking '/home/azif/projetcs/Quadruped-Robot-Performing-SLAM/install/quadruped_slam_gazebo/bin'
[0.427s] Level 1:colcon.colcon_core.environment:checking '/home/azif/projetcs/Quadruped-Robot-Performing-SLAM/install/quadruped_slam_gazebo/lib/pkgconfig/quadruped_slam_gazebo.pc'
[0.427s] Level 1:colcon.colcon_core.environment:checking '/home/azif/projetcs/Quadruped-Robot-Performing-SLAM/install/quadruped_slam_gazebo/lib/python3.10/site-packages'
[0.427s] Level 1:colcon.colcon_core.environment:checking '/home/azif/projetcs/Quadruped-Robot-Performing-SLAM/install/quadruped_slam_gazebo/bin'
[0.427s] INFO:colcon.colcon_core.shell:Creating package script '/home/azif/projetcs/Quadruped-Robot-Performing-SLAM/install/quadruped_slam_gazebo/share/quadruped_slam_gazebo/package.ps1'
[0.428s] INFO:colcon.colcon_core.shell:Creating package descriptor '/home/azif/projetcs/Quadruped-Robot-Performing-SLAM/install/quadruped_slam_gazebo/share/quadruped_slam_gazebo/package.dsv'
[0.428s] INFO:colcon.colcon_core.shell:Creating package script '/home/azif/projetcs/Quadruped-Robot-Performing-SLAM/install/quadruped_slam_gazebo/share/quadruped_slam_gazebo/package.sh'
[0.428s] INFO:colcon.colcon_core.shell:Creating package script '/home/azif/projetcs/Quadruped-Robot-Performing-SLAM/install/quadruped_slam_gazebo/share/quadruped_slam_gazebo/package.bash'
[0.429s] INFO:colcon.colcon_core.shell:Creating package script '/home/azif/projetcs/Quadruped-Robot-Performing-SLAM/install/quadruped_slam_gazebo/share/quadruped_slam_gazebo/package.zsh'
[0.429s] Level 1:colcon.colcon_core.environment:create_file_with_runtime_dependencies(/home/azif/projetcs/Quadruped-Robot-Performing-SLAM/install/quadruped_slam_gazebo/share/colcon-core/packages/quadruped_slam_gazebo)
[0.430s] Level 1:colcon.colcon_core.environment:create_environment_scripts_only(bruno)
[0.430s] Level 1:colcon.colcon_core.environment:checking '/home/azif/projetcs/Quadruped-Robot-Performing-SLAM/install/bruno' for CMake module files
[0.431s] DEBUG:colcon.colcon_core.event_handler.log_command:Invoked command in '/home/azif/projetcs/Quadruped-Robot-Performing-SLAM/build/bruno' returned '0': CMAKE_PREFIX_PATH=${CMAKE_PREFIX_PATH}:/opt/ros/humble /usr/bin/cmake --install /home/azif/projetcs/Quadruped-Robot-Performing-SLAM/build/bruno
[0.431s] Level 1:colcon.colcon_core.environment:checking '/home/azif/projetcs/Quadruped-Robot-Performing-SLAM/install/bruno' for CMake config files
[0.431s] Level 1:colcon.colcon_core.shell:create_environment_hook('bruno', 'cmake_prefix_path')
[0.431s] INFO:colcon.colcon_core.shell:Creating environment hook '/home/azif/projetcs/Quadruped-Robot-Performing-SLAM/install/bruno/share/bruno/hook/cmake_prefix_path.ps1'
[0.432s] INFO:colcon.colcon_core.shell:Creating environment descriptor '/home/azif/projetcs/Quadruped-Robot-Performing-SLAM/install/bruno/share/bruno/hook/cmake_prefix_path.dsv'
[0.432s] INFO:colcon.colcon_core.shell:Creating environment hook '/home/azif/projetcs/Quadruped-Robot-Performing-SLAM/install/bruno/share/bruno/hook/cmake_prefix_path.sh'
[0.432s] Level 1:colcon.colcon_core.environment:checking '/home/azif/projetcs/Quadruped-Robot-Performing-SLAM/install/bruno/lib'
[0.432s] Level 1:colcon.colcon_core.environment:checking '/home/azif/projetcs/Quadruped-Robot-Performing-SLAM/install/bruno/bin'
[0.432s] Level 1:colcon.colcon_core.environment:checking '/home/azif/projetcs/Quadruped-Robot-Performing-SLAM/install/bruno/lib/pkgconfig/bruno.pc'
[0.433s] Level 1:colcon.colcon_core.environment:checking '/home/azif/projetcs/Quadruped-Robot-Performing-SLAM/install/bruno/lib/python3.10/site-packages'
[0.433s] Level 1:colcon.colcon_core.environment:checking '/home/azif/projetcs/Quadruped-Robot-Performing-SLAM/install/bruno/bin'
[0.433s] INFO:colcon.colcon_core.shell:Creating package script '/home/azif/projetcs/Quadruped-Robot-Performing-SLAM/install/bruno/share/bruno/package.ps1'
[0.433s] INFO:colcon.colcon_core.shell:Creating package descriptor '/home/azif/projetcs/Quadruped-Robot-Performing-SLAM/install/bruno/share/bruno/package.dsv'
[0.434s] INFO:colcon.colcon_core.shell:Creating package script '/home/azif/projetcs/Quadruped-Robot-Performing-SLAM/install/bruno/share/bruno/package.sh'
[0.434s] INFO:colcon.colcon_core.shell:Creating package script '/home/azif/projetcs/Quadruped-Robot-Performing-SLAM/install/bruno/share/bruno/package.bash'
[0.434s] INFO:colcon.colcon_core.shell:Creating package script '/home/azif/projetcs/Quadruped-Robot-Performing-SLAM/install/bruno/share/bruno/package.zsh'
[0.434s] Level 1:colcon.colcon_core.environment:create_file_with_runtime_dependencies(/home/azif/projetcs/Quadruped-Robot-Performing-SLAM/install/bruno/share/colcon-core/packages/bruno)
[0.435s] Level 1:colcon.colcon_core.environment:create_environment_scripts_only(bruno)
[0.435s] Level 1:colcon.colcon_core.environment:checking '/home/azif/projetcs/Quadruped-Robot-Performing-SLAM/install/bruno' for CMake module files
[0.435s] Level 1:colcon.colcon_core.environment:checking '/home/azif/projetcs/Quadruped-Robot-Performing-SLAM/install/bruno' for CMake config files
[0.435s] Level 1:colcon.colcon_core.shell:create_environment_hook('bruno', 'cmake_prefix_path')
[0.436s] INFO:colcon.colcon_core.shell:Creating environment hook '/home/azif/projetcs/Quadruped-Robot-Performing-SLAM/install/bruno/share/bruno/hook/cmake_prefix_path.ps1'
[0.436s] INFO:colcon.colcon_core.shell:Creating environment descriptor '/home/azif/projetcs/Quadruped-Robot-Performing-SLAM/install/bruno/share/bruno/hook/cmake_prefix_path.dsv'
[0.436s] INFO:colcon.colcon_core.shell:Creating environment hook '/home/azif/projetcs/Quadruped-Robot-Performing-SLAM/install/bruno/share/bruno/hook/cmake_prefix_path.sh'
[0.436s] Level 1:colcon.colcon_core.environment:checking '/home/azif/projetcs/Quadruped-Robot-Performing-SLAM/install/bruno/lib'
[0.437s] Level 1:colcon.colcon_core.environment:checking '/home/azif/projetcs/Quadruped-Robot-Performing-SLAM/install/bruno/bin'
[0.437s] Level 1:colcon.colcon_core.environment:checking '/home/azif/projetcs/Quadruped-Robot-Performing-SLAM/install/bruno/lib/pkgconfig/bruno.pc'
[0.437s] Level 1:colcon.colcon_core.environment:checking '/home/azif/projetcs/Quadruped-Robot-Performing-SLAM/install/bruno/lib/python3.10/site-packages'
[0.437s] Level 1:colcon.colcon_core.environment:checking '/home/azif/projetcs/Quadruped-Robot-Performing-SLAM/install/bruno/bin'
[0.437s] INFO:colcon.colcon_core.shell:Creating package script '/home/azif/projetcs/Quadruped-Robot-Performing-SLAM/install/bruno/share/bruno/package.ps1'
[0.437s] INFO:colcon.colcon_core.shell:Creating package descriptor '/home/azif/projetcs/Quadruped-Robot-Performing-SLAM/install/bruno/share/bruno/package.dsv'
[0.438s] INFO:colcon.colcon_core.shell:Creating package script '/home/azif/projetcs/Quadruped-Robot-Performing-SLAM/install/bruno/share/bruno/package.sh'
[0.438s] INFO:colcon.colcon_core.shell:Creating package script '/home/azif/projetcs/Quadruped-Robot-Performing-SLAM/install/bruno/share/bruno/package.bash'
[0.438s] INFO:colcon.colcon_core.shell:Creating package script '/home/azif/projetcs/Quadruped-Robot-Performing-SLAM/install/bruno/share/bruno/package.zsh'
[0.439s] Level 1:colcon.colcon_core.environment:create_file_with_runtime_dependencies(/home/azif/projetcs/Quadruped-Robot-Performing-SLAM/install/bruno/share/colcon-core/packages/bruno)
[0.439s] Level 1:colcon.colcon_core.environment:create_environment_scripts_only(quadruped_slam_model)
[0.439s] Level 1:colcon.colcon_core.environment:checking '/home/azif/projetcs/Quadruped-Robot-Performing-SLAM/install/quadruped_slam_model' for CMake module files
[0.440s] DEBUG:colcon.colcon_core.event_handler.log_command:Invoked command in '/home/azif/projetcs/Quadruped-Robot-Performing-SLAM/build/quadruped_slam_model' returned '0': CMAKE_PREFIX_PATH=${CMAKE_PREFIX_PATH}:/opt/ros/humble /usr/bin/cmake --install /home/azif/projetcs/Quadruped-Robot-Performing-SLAM/build/quadruped_slam_model
[0.440s] Level 1:colcon.colcon_core.environment:checking '/home/azif/projetcs/Quadruped-Robot-Performing-SLAM/install/quadruped_slam_model' for CMake config files
[0.441s] Level 1:colcon.colcon_core.shell:create_environment_hook('quadruped_slam_model', 'cmake_prefix_path')
[0.441s] INFO:colcon.colcon_core.shell:Creating environment hook '/home/azif/projetcs/Quadruped-Robot-Performing-SLAM/install/quadruped_slam_model/share/quadruped_slam_model/hook/cmake_prefix_path.ps1'
[0.441s] INFO:colcon.colcon_core.shell:Creating environment descriptor '/home/azif/projetcs/Quadruped-Robot-Performing-SLAM/install/quadruped_slam_model/share/quadruped_slam_model/hook/cmake_prefix_path.dsv'
[0.441s] INFO:colcon.colcon_core.shell:Creating environment hook '/home/azif/projetcs/Quadruped-Robot-Performing-SLAM/install/quadruped_slam_model/share/quadruped_slam_model/hook/cmake_prefix_path.sh'
[0.442s] Level 1:colcon.colcon_core.environment:checking '/home/azif/projetcs/Quadruped-Robot-Performing-SLAM/install/quadruped_slam_model/bin'
[0.442s] Level 1:colcon.colcon_core.environment:checking '/home/azif/projetcs/Quadruped-Robot-Performing-SLAM/install/quadruped_slam_model/lib/pkgconfig/quadruped_slam_model.pc'
[0.442s] Level 1:colcon.colcon_core.environment:checking '/home/azif/projetcs/Quadruped-Robot-Performing-SLAM/install/quadruped_slam_model/lib/python3.10/site-packages'
[0.442s] Level 1:colcon.colcon_core.environment:checking '/home/azif/projetcs/Quadruped-Robot-Performing-SLAM/install/quadruped_slam_model/bin'
[0.443s] INFO:colcon.colcon_core.shell:Creating package script '/home/azif/projetcs/Quadruped-Robot-Performing-SLAM/install/quadruped_slam_model/share/quadruped_slam_model/package.ps1'
[0.443s] INFO:colcon.colcon_core.shell:Creating package descriptor '/home/azif/projetcs/Quadruped-Robot-Performing-SLAM/install/quadruped_slam_model/share/quadruped_slam_model/package.dsv'
[0.443s] INFO:colcon.colcon_core.shell:Creating package script '/home/azif/projetcs/Quadruped-Robot-Performing-SLAM/install/quadruped_slam_model/share/quadruped_slam_model/package.sh'
[0.444s] INFO:colcon.colcon_core.shell:Creating package script '/home/azif/projetcs/Quadruped-Robot-Performing-SLAM/install/quadruped_slam_model/share/quadruped_slam_model/package.bash'
[0.444s] INFO:colcon.colcon_core.shell:Creating package script '/home/azif/projetcs/Quadruped-Robot-Performing-SLAM/install/quadruped_slam_model/share/quadruped_slam_model/package.zsh'
[0.444s] Level 1:colcon.colcon_core.environment:create_file_with_runtime_dependencies(/home/azif/projetcs/Quadruped-Robot-Performing-SLAM/install/quadruped_slam_model/share/colcon-core/packages/quadruped_slam_model)
[0.445s] Level 1:colcon.colcon_core.environment:create_environment_scripts_only(quadruped_slam_model)
[0.445s] Level 1:colcon.colcon_core.environment:checking '/home/azif/projetcs/Quadruped-Robot-Performing-SLAM/install/quadruped_slam_model' for CMake module files
[0.445s] Level 1:colcon.colcon_core.environment:checking '/home/azif/projetcs/Quadruped-Robot-Performing-SLAM/install/quadruped_slam_model' for CMake config files
[0.445s] Level 1:colcon.colcon_core.shell:create_environment_hook('quadruped_slam_model', 'cmake_prefix_path')
[0.445s] INFO:colcon.colcon_core.shell:Creating environment hook '/home/azif/projetcs/Quadruped-Robot-Performing-SLAM/install/quadruped_slam_model/share/quadruped_slam_model/hook/cmake_prefix_path.ps1'
[0.446s] INFO:colcon.colcon_core.shell:Creating environment descriptor '/home/azif/projetcs/Quadruped-Robot-Performing-SLAM/install/quadruped_slam_model/share/quadruped_slam_model/hook/cmake_prefix_path.dsv'
[0.446s] INFO:colcon.colcon_core.shell:Creating environment hook '/home/azif/projetcs/Quadruped-Robot-Performing-SLAM/install/quadruped_slam_model/share/quadruped_slam_model/hook/cmake_prefix_path.sh'
[0.446s] Level 1:colcon.colcon_core.environment:checking '/home/azif/projetcs/Quadruped-Robot-Performing-SLAM/install/quadruped_slam_model/bin'
[0.446s] Level 1:colcon.colcon_core.environment:checking '/home/azif/projetcs/Quadruped-Robot-Performing-SLAM/install/quadruped_slam_model/lib/pkgconfig/quadruped_slam_model.pc'
[0.446s] Level 1:colcon.colcon_core.environment:checking '/home/azif/projetcs/Quadruped-Robot-Performing-SLAM/install/quadruped_slam_model/lib/python3.10/site-packages'
[0.447s] Level 1:colcon.colcon_core.environment:checking '/home/azif/projetcs/Quadruped-Robot-Performing-SLAM/install/quadruped_slam_model/bin'
[0.447s] INFO:colcon.colcon_core.shell:Creating package script '/home/azif/projetcs/Quadruped-Robot-Performing-SLAM/install/quadruped_slam_model/share/quadruped_slam_model/package.ps1'
[0.447s] INFO:colcon.colcon_core.shell:Creating package descriptor '/home/azif/projetcs/Quadruped-Robot-Performing-SLAM/install/quadruped_slam_model/share/quadruped_slam_model/package.dsv'
[0.447s] INFO:colcon.colcon_core.shell:Creating package script '/home/azif/projetcs/Quadruped-Robot-Performing-SLAM/install/quadruped_slam_model/share/quadruped_slam_model/package.sh'
[0.448s] INFO:colcon.colcon_core.shell:Creating package script '/home/azif/projetcs/Quadruped-Robot-Performing-SLAM/install/quadruped_slam_model/share/quadruped_slam_model/package.bash'
[0.448s] INFO:colcon.colcon_core.shell:Creating package script '/home/azif/projetcs/Quadruped-Robot-Performing-SLAM/install/quadruped_slam_model/share/quadruped_slam_model/package.zsh'
[0.448s] Level 1:colcon.colcon_core.environment:create_file_with_runtime_dependencies(/home/azif/projetcs/Quadruped-Robot-Performing-SLAM/install/quadruped_slam_model/share/colcon-core/packages/quadruped_slam_model)
[0.448s] DEBUG:colcon.colcon_parallel_executor.executor.parallel:closing loop
[0.449s] DEBUG:colcon.colcon_parallel_executor.executor.parallel:loop closed
[0.449s] DEBUG:colcon.colcon_parallel_executor.executor.parallel:run_until_complete finished with '0'
[0.449s] DEBUG:colcon.colcon_core.event_reactor:joining thread
[0.453s] INFO:colcon.colcon_core.plugin_system:Skipping extension 'colcon_notification.desktop_notification.terminal_notifier': Not used on non-Darwin systems
[0.453s] INFO:colcon.colcon_core.plugin_system:Skipping extension 'colcon_notification.desktop_notification.win32': Not used on non-Windows systems
[0.453s] INFO:colcon.colcon_notification.desktop_notification:Sending desktop notification using 'notify2'
[0.465s] DEBUG:colcon.colcon_core.event_reactor:joined thread
[0.466s] INFO:colcon.colcon_core.shell:Creating prefix script '/home/azif/projetcs/Quadruped-Robot-Performing-SLAM/install/local_setup.ps1'
[0.467s] INFO:colcon.colcon_core.shell:Creating prefix util module '/home/azif/projetcs/Quadruped-Robot-Performing-SLAM/install/_local_setup_util_ps1.py'
[0.468s] INFO:colcon.colcon_core.shell:Creating prefix chain script '/home/azif/projetcs/Quadruped-Robot-Performing-SLAM/install/setup.ps1'
[0.469s] INFO:colcon.colcon_core.shell:Creating prefix script '/home/azif/projetcs/Quadruped-Robot-Performing-SLAM/install/local_setup.sh'
[0.469s] INFO:colcon.colcon_core.shell:Creating prefix util module '/home/azif/projetcs/Quadruped-Robot-Performing-SLAM/install/_local_setup_util_sh.py'
[0.470s] INFO:colcon.colcon_core.shell:Creating prefix chain script '/home/azif/projetcs/Quadruped-Robot-Performing-SLAM/install/setup.sh'
[0.470s] INFO:colcon.colcon_core.shell:Creating prefix script '/home/azif/projetcs/Quadruped-Robot-Performing-SLAM/install/local_setup.bash'
[0.471s] INFO:colcon.colcon_core.shell:Creating prefix chain script '/home/azif/projetcs/Quadruped-Robot-Performing-SLAM/install/setup.bash'
[0.471s] INFO:colcon.colcon_core.shell:Creating prefix script '/home/azif/projetcs/Quadruped-Robot-Performing-SLAM/install/local_setup.zsh'
[0.472s] INFO:colcon.colcon_core.shell:Creating prefix chain script '/home/azif/projetcs/Quadruped-Robot-Performing-SLAM/install/setup.zsh'
